<?xml version="1.0" encoding="UTF-8"?>
<!-- Generated by org.testng.reporters.JUnitXMLReporter -->
<testsuite ignored="0" hostname="DESKTOP-I1LFNC6" failures="0" tests="4" name="Test" time="26.371" errors="0" timestamp="2022-12-04T17:46:13 IST">
  <testcase classname="Test.FitnessPageTest" name="fitness" time="7.011"/>
  <testcase classname="Test.FitnessPageTest" name="gym" time="3.687"/>
  <testcase classname="Test.FitnessPageTest" name="DisplaySubMenu" time="2.156"/>
  <testcase classname="Test.FitnessPageTest" name="ClosePage" time="0.332"/>
</testsuite> <!-- Test -->
